

Started GET "/" for 127.0.0.1 at 2011-08-23 10:11:30 -0400
  Processing by PostsController#index as HTML
Rendered posts/index.html.haml within layouts/application (81.0ms)
Completed 500 Internal Server Error in 87ms

ActionView::Template::Error (wrong number of arguments (3 for 2)):
    6:       =post.created_at.strftime("%b %d, %Y")
    7:     %hr
    8:     #post_body
    9:       =truncate(RedCloth.new(post.body).to_html, 500, link_to("...(more)", post) )
  app/views/posts/index.html.haml:9:in `block in _app_views_posts_index_html_haml___1384493571646774424_2179707220_1999624689241703457'
  app/views/posts/index.html.haml:2:in `each'
  app/views/posts/index.html.haml:2:in `_app_views_posts_index_html_haml___1384493571646774424_2179707220_1999624689241703457'

Rendered /Users/lsaffie/.rvm/gems/ruby-1.9.2-p180/gems/actionpack-3.0.9/lib/action_dispatch/middleware/templates/rescues/_trace.erb (0.9ms)
Rendered /Users/lsaffie/.rvm/gems/ruby-1.9.2-p180/gems/actionpack-3.0.9/lib/action_dispatch/middleware/templates/rescues/_request_and_response.erb (3.3ms)
Rendered /Users/lsaffie/.rvm/gems/ruby-1.9.2-p180/gems/actionpack-3.0.9/lib/action_dispatch/middleware/templates/rescues/template_error.erb within rescues/layout (7.4ms)


Started GET "/" for 127.0.0.1 at 2011-08-23 10:11:35 -0400
  Processing by PostsController#index as HTML
Rendered posts/index.html.haml within layouts/application (2.3ms)
Completed 500 Internal Server Error in 3ms

ActionView::Template::Error (wrong number of arguments (3 for 2)):
    6:       =post.created_at.strftime("%b %d, %Y")
    7:     %hr
    8:     #post_body
    9:       =truncate(RedCloth.new(post.body).to_html, 500, link_to("...(more)", post) )
  app/views/posts/index.html.haml:9:in `block in _app_views_posts_index_html_haml___1384493571646774424_2179707220_1999624689241703457'
  app/views/posts/index.html.haml:2:in `each'
  app/views/posts/index.html.haml:2:in `_app_views_posts_index_html_haml___1384493571646774424_2179707220_1999624689241703457'

Rendered /Users/lsaffie/.rvm/gems/ruby-1.9.2-p180/gems/actionpack-3.0.9/lib/action_dispatch/middleware/templates/rescues/_trace.erb (0.9ms)
Rendered /Users/lsaffie/.rvm/gems/ruby-1.9.2-p180/gems/actionpack-3.0.9/lib/action_dispatch/middleware/templates/rescues/_request_and_response.erb (3.3ms)
Rendered /Users/lsaffie/.rvm/gems/ruby-1.9.2-p180/gems/actionpack-3.0.9/lib/action_dispatch/middleware/templates/rescues/template_error.erb within rescues/layout (7.1ms)


Started GET "/" for 127.0.0.1 at 2011-08-23 10:11:36 -0400
  Processing by PostsController#index as HTML
Rendered posts/index.html.haml within layouts/application (3.7ms)
Completed 500 Internal Server Error in 9ms

ActionView::Template::Error (wrong number of arguments (3 for 2)):
    6:       =post.created_at.strftime("%b %d, %Y")
    7:     %hr
    8:     #post_body
    9:       =truncate(RedCloth.new(post.body).to_html, 500, link_to("...(more)", post) )
  app/views/posts/index.html.haml:9:in `block in _app_views_posts_index_html_haml___1384493571646774424_2179707220_1999624689241703457'
  app/views/posts/index.html.haml:2:in `each'
  app/views/posts/index.html.haml:2:in `_app_views_posts_index_html_haml___1384493571646774424_2179707220_1999624689241703457'

Rendered /Users/lsaffie/.rvm/gems/ruby-1.9.2-p180/gems/actionpack-3.0.9/lib/action_dispatch/middleware/templates/rescues/_trace.erb (0.9ms)
Rendered /Users/lsaffie/.rvm/gems/ruby-1.9.2-p180/gems/actionpack-3.0.9/lib/action_dispatch/middleware/templates/rescues/_request_and_response.erb (3.1ms)
Rendered /Users/lsaffie/.rvm/gems/ruby-1.9.2-p180/gems/actionpack-3.0.9/lib/action_dispatch/middleware/templates/rescues/template_error.erb within rescues/layout (6.9ms)


Started GET "/" for 127.0.0.1 at 2011-08-23 10:13:08 -0400
  Processing by PostsController#index as HTML
Rendered posts/index.html.haml within layouts/application (2.2ms)
Completed 500 Internal Server Error in 3ms

ActionView::Template::Error (wrong number of arguments (3 for 2)):
    6:       =post.created_at.strftime("%b %d, %Y")
    7:     %hr
    8:     #post_body
    9:       =truncate(RedCloth.new(post.body).to_html, 500, link_to("...(more)", post) )
  app/views/posts/index.html.haml:9:in `block in _app_views_posts_index_html_haml___1384493571646774424_2179707220_1999624689241703457'
  app/views/posts/index.html.haml:2:in `each'
  app/views/posts/index.html.haml:2:in `_app_views_posts_index_html_haml___1384493571646774424_2179707220_1999624689241703457'

Rendered /Users/lsaffie/.rvm/gems/ruby-1.9.2-p180/gems/actionpack-3.0.9/lib/action_dispatch/middleware/templates/rescues/_trace.erb (0.9ms)
Rendered /Users/lsaffie/.rvm/gems/ruby-1.9.2-p180/gems/actionpack-3.0.9/lib/action_dispatch/middleware/templates/rescues/_request_and_response.erb (3.0ms)
Rendered /Users/lsaffie/.rvm/gems/ruby-1.9.2-p180/gems/actionpack-3.0.9/lib/action_dispatch/middleware/templates/rescues/template_error.erb within rescues/layout (7.0ms)


Started GET "/" for 127.0.0.1 at 2011-08-23 10:13:17 -0400
  Processing by PostsController#index as HTML
Rendered layouts/_header.html.haml (0.9ms)
Rendered layouts/_right_content.html.haml (1.4ms)
Rendered layouts/_footer.html.haml (0.7ms)
Rendered posts/index.html.haml within layouts/application (21.6ms)
Completed 200 OK in 26ms (Views: 24.6ms | ActiveRecord: 0.3ms)


Started GET "/javascripts/effects.js?1314018395" for 127.0.0.1 at 2011-08-23 10:13:18 -0400

ActionController::RoutingError (No route matches "/javascripts/effects.js"):
  

Rendered /Users/lsaffie/.rvm/gems/ruby-1.9.2-p180/gems/actionpack-3.0.9/lib/action_dispatch/middleware/templates/rescues/routing_error.erb within rescues/layout (1.1ms)


Started GET "/javascripts/controls.js?1314018394" for 127.0.0.1 at 2011-08-23 10:13:18 -0400

ActionController::RoutingError (No route matches "/javascripts/controls.js"):
  

Rendered /Users/lsaffie/.rvm/gems/ruby-1.9.2-p180/gems/actionpack-3.0.9/lib/action_dispatch/middleware/templates/rescues/routing_error.erb within rescues/layout (0.8ms)


Started GET "/javascripts/dragdrop.js?1314018395" for 127.0.0.1 at 2011-08-23 10:13:18 -0400

ActionController::RoutingError (No route matches "/javascripts/dragdrop.js"):
  

Rendered /Users/lsaffie/.rvm/gems/ruby-1.9.2-p180/gems/actionpack-3.0.9/lib/action_dispatch/middleware/templates/rescues/routing_error.erb within rescues/layout (0.8ms)


Started GET "/javascripts/application.js?1305895504" for 127.0.0.1 at 2011-08-23 10:13:18 -0400

ActionController::RoutingError (No route matches "/javascripts/application.js"):
  

Rendered /Users/lsaffie/.rvm/gems/ruby-1.9.2-p180/gems/actionpack-3.0.9/lib/action_dispatch/middleware/templates/rescues/routing_error.erb within rescues/layout (0.9ms)


Started GET "/javascripts/rails.js?1314018396" for 127.0.0.1 at 2011-08-23 10:13:18 -0400

ActionController::RoutingError (No route matches "/javascripts/rails.js"):
  

Rendered /Users/lsaffie/.rvm/gems/ruby-1.9.2-p180/gems/actionpack-3.0.9/lib/action_dispatch/middleware/templates/rescues/routing_error.erb within rescues/layout (0.7ms)


Started GET "/stylesheets/style.css?1305897372" for 127.0.0.1 at 2011-08-23 10:13:18 -0400

ActionController::RoutingError (No route matches "/stylesheets/style.css"):
  

Rendered /Users/lsaffie/.rvm/gems/ruby-1.9.2-p180/gems/actionpack-3.0.9/lib/action_dispatch/middleware/templates/rescues/routing_error.erb within rescues/layout (0.9ms)


Started GET "/images/about.gif" for 127.0.0.1 at 2011-08-23 10:13:18 -0400

ActionController::RoutingError (No route matches "/images/about.gif"):
  

Rendered /Users/lsaffie/.rvm/gems/ruby-1.9.2-p180/gems/actionpack-3.0.9/lib/action_dispatch/middleware/templates/rescues/routing_error.erb within rescues/layout (0.7ms)


Started GET "/" for 127.0.0.1 at 2011-08-23 10:13:19 -0400
  Processing by PostsController#index as HTML
Rendered layouts/_header.html.haml (0.2ms)
Rendered layouts/_right_content.html.haml (0.0ms)
Rendered layouts/_footer.html.haml (0.0ms)
Rendered posts/index.html.haml within layouts/application (3.2ms)
Completed 200 OK in 5ms (Views: 3.6ms | ActiveRecord: 0.4ms)


Started GET "/javascripts/prototype.js?1314018396" for 127.0.0.1 at 2011-08-23 10:13:19 -0400

ActionController::RoutingError (No route matches "/javascripts/prototype.js"):
  

Rendered /Users/lsaffie/.rvm/gems/ruby-1.9.2-p180/gems/actionpack-3.0.9/lib/action_dispatch/middleware/templates/rescues/routing_error.erb within rescues/layout (1.1ms)


Started GET "/javascripts/effects.js?1314018395" for 127.0.0.1 at 2011-08-23 10:13:19 -0400

ActionController::RoutingError (No route matches "/javascripts/effects.js"):
  

Rendered /Users/lsaffie/.rvm/gems/ruby-1.9.2-p180/gems/actionpack-3.0.9/lib/action_dispatch/middleware/templates/rescues/routing_error.erb within rescues/layout (1.0ms)


Started GET "/javascripts/controls.js?1314018394" for 127.0.0.1 at 2011-08-23 10:13:19 -0400

ActionController::RoutingError (No route matches "/javascripts/controls.js"):
  

Rendered /Users/lsaffie/.rvm/gems/ruby-1.9.2-p180/gems/actionpack-3.0.9/lib/action_dispatch/middleware/templates/rescues/routing_error.erb within rescues/layout (1.5ms)


Started GET "/javascripts/rails.js?1314018396" for 127.0.0.1 at 2011-08-23 10:13:19 -0400

ActionController::RoutingError (No route matches "/javascripts/rails.js"):
  

Rendered /Users/lsaffie/.rvm/gems/ruby-1.9.2-p180/gems/actionpack-3.0.9/lib/action_dispatch/middleware/templates/rescues/routing_error.erb within rescues/layout (0.7ms)


Started GET "/javascripts/dragdrop.js?1314018395" for 127.0.0.1 at 2011-08-23 10:13:19 -0400

ActionController::RoutingError (No route matches "/javascripts/dragdrop.js"):
  

Rendered /Users/lsaffie/.rvm/gems/ruby-1.9.2-p180/gems/actionpack-3.0.9/lib/action_dispatch/middleware/templates/rescues/routing_error.erb within rescues/layout (0.8ms)


Started GET "/javascripts/application.js?1305895504" for 127.0.0.1 at 2011-08-23 10:13:19 -0400

ActionController::RoutingError (No route matches "/javascripts/application.js"):
  

Rendered /Users/lsaffie/.rvm/gems/ruby-1.9.2-p180/gems/actionpack-3.0.9/lib/action_dispatch/middleware/templates/rescues/routing_error.erb within rescues/layout (0.7ms)


Started GET "/stylesheets/style.css?1305897372" for 127.0.0.1 at 2011-08-23 10:13:19 -0400

ActionController::RoutingError (No route matches "/stylesheets/style.css"):
  

Rendered /Users/lsaffie/.rvm/gems/ruby-1.9.2-p180/gems/actionpack-3.0.9/lib/action_dispatch/middleware/templates/rescues/routing_error.erb within rescues/layout (0.8ms)


Started GET "/images/about.gif" for 127.0.0.1 at 2011-08-23 10:13:19 -0400

ActionController::RoutingError (No route matches "/images/about.gif"):
  

Rendered /Users/lsaffie/.rvm/gems/ruby-1.9.2-p180/gems/actionpack-3.0.9/lib/action_dispatch/middleware/templates/rescues/routing_error.erb within rescues/layout (0.7ms)


Started GET "/" for 127.0.0.1 at 2011-08-23 10:13:20 -0400
  Processing by PostsController#index as HTML
Rendered layouts/_header.html.haml (0.3ms)
Rendered layouts/_right_content.html.haml (0.1ms)
Rendered layouts/_footer.html.haml (0.0ms)
Rendered posts/index.html.haml within layouts/application (4.4ms)
Completed 200 OK in 6ms (Views: 5.0ms | ActiveRecord: 0.4ms)


Started GET "/javascripts/effects.js?1314018395" for 127.0.0.1 at 2011-08-23 10:13:20 -0400

ActionController::RoutingError (No route matches "/javascripts/effects.js"):
  

Rendered /Users/lsaffie/.rvm/gems/ruby-1.9.2-p180/gems/actionpack-3.0.9/lib/action_dispatch/middleware/templates/rescues/routing_error.erb within rescues/layout (0.7ms)


Started GET "/javascripts/prototype.js?1314018396" for 127.0.0.1 at 2011-08-23 10:13:20 -0400

ActionController::RoutingError (No route matches "/javascripts/prototype.js"):
  

Rendered /Users/lsaffie/.rvm/gems/ruby-1.9.2-p180/gems/actionpack-3.0.9/lib/action_dispatch/middleware/templates/rescues/routing_error.erb within rescues/layout (0.7ms)


Started GET "/javascripts/application.js?1305895504" for 127.0.0.1 at 2011-08-23 10:13:20 -0400

ActionController::RoutingError (No route matches "/javascripts/application.js"):
  

Rendered /Users/lsaffie/.rvm/gems/ruby-1.9.2-p180/gems/actionpack-3.0.9/lib/action_dispatch/middleware/templates/rescues/routing_error.erb within rescues/layout (1.1ms)


Started GET "/javascripts/controls.js?1314018394" for 127.0.0.1 at 2011-08-23 10:13:20 -0400

ActionController::RoutingError (No route matches "/javascripts/controls.js"):
  

Rendered /Users/lsaffie/.rvm/gems/ruby-1.9.2-p180/gems/actionpack-3.0.9/lib/action_dispatch/middleware/templates/rescues/routing_error.erb within rescues/layout (0.8ms)


Started GET "/javascripts/dragdrop.js?1314018395" for 127.0.0.1 at 2011-08-23 10:13:20 -0400

ActionController::RoutingError (No route matches "/javascripts/dragdrop.js"):
  

Rendered /Users/lsaffie/.rvm/gems/ruby-1.9.2-p180/gems/actionpack-3.0.9/lib/action_dispatch/middleware/templates/rescues/routing_error.erb within rescues/layout (1.1ms)


Started GET "/javascripts/rails.js?1314018396" for 127.0.0.1 at 2011-08-23 10:13:20 -0400

ActionController::RoutingError (No route matches "/javascripts/rails.js"):
  

Rendered /Users/lsaffie/.rvm/gems/ruby-1.9.2-p180/gems/actionpack-3.0.9/lib/action_dispatch/middleware/templates/rescues/routing_error.erb within rescues/layout (0.7ms)


Started GET "/stylesheets/style.css?1305897372" for 127.0.0.1 at 2011-08-23 10:13:20 -0400

ActionController::RoutingError (No route matches "/stylesheets/style.css"):
  

Rendered /Users/lsaffie/.rvm/gems/ruby-1.9.2-p180/gems/actionpack-3.0.9/lib/action_dispatch/middleware/templates/rescues/routing_error.erb within rescues/layout (1.1ms)


Started GET "/images/about.gif" for 127.0.0.1 at 2011-08-23 10:13:20 -0400

ActionController::RoutingError (No route matches "/images/about.gif"):
  

Rendered /Users/lsaffie/.rvm/gems/ruby-1.9.2-p180/gems/actionpack-3.0.9/lib/action_dispatch/middleware/templates/rescues/routing_error.erb within rescues/layout (0.7ms)


Started GET "/" for 127.0.0.1 at 2011-08-23 10:15:09 -0400
  Processing by PostsController#index as HTML
Rendered posts/index.html.haml within layouts/application (33.3ms)
Completed 500 Internal Server Error in 37ms

ActionView::Template::Error (wrong number of arguments (3 for 2)):
    6:       =post.created_at.strftime("%b %d, %Y")
    7:     %hr
    8:     #post_body
    9:       =truncate(RedCloth.new(post.body).to_html, 500, link_to("...(more)", post) )
  app/views/posts/index.html.haml:9:in `block in _app_views_posts_index_html_haml__18340791125868253_2178238620_1737542263889568722'
  app/views/posts/index.html.haml:2:in `each'
  app/views/posts/index.html.haml:2:in `_app_views_posts_index_html_haml__18340791125868253_2178238620_1737542263889568722'

Rendered /Users/lsaffie/.rvm/gems/ruby-1.9.2-p180/gems/actionpack-3.0.9/lib/action_dispatch/middleware/templates/rescues/_trace.erb (1.0ms)
Rendered /Users/lsaffie/.rvm/gems/ruby-1.9.2-p180/gems/actionpack-3.0.9/lib/action_dispatch/middleware/templates/rescues/_request_and_response.erb (3.4ms)
Rendered /Users/lsaffie/.rvm/gems/ruby-1.9.2-p180/gems/actionpack-3.0.9/lib/action_dispatch/middleware/templates/rescues/template_error.erb within rescues/layout (7.8ms)


Started GET "/" for 127.0.0.1 at 2011-08-23 10:15:10 -0400
  Processing by PostsController#index as HTML
Rendered posts/index.html.haml within layouts/application (2.1ms)
Completed 500 Internal Server Error in 3ms

ActionView::Template::Error (wrong number of arguments (3 for 2)):
    6:       =post.created_at.strftime("%b %d, %Y")
    7:     %hr
    8:     #post_body
    9:       =truncate(RedCloth.new(post.body).to_html, 500, link_to("...(more)", post) )
  app/views/posts/index.html.haml:9:in `block in _app_views_posts_index_html_haml__18340791125868253_2178238620_1737542263889568722'
  app/views/posts/index.html.haml:2:in `each'
  app/views/posts/index.html.haml:2:in `_app_views_posts_index_html_haml__18340791125868253_2178238620_1737542263889568722'

Rendered /Users/lsaffie/.rvm/gems/ruby-1.9.2-p180/gems/actionpack-3.0.9/lib/action_dispatch/middleware/templates/rescues/_trace.erb (0.9ms)
Rendered /Users/lsaffie/.rvm/gems/ruby-1.9.2-p180/gems/actionpack-3.0.9/lib/action_dispatch/middleware/templates/rescues/_request_and_response.erb (3.2ms)
Rendered /Users/lsaffie/.rvm/gems/ruby-1.9.2-p180/gems/actionpack-3.0.9/lib/action_dispatch/middleware/templates/rescues/template_error.erb within rescues/layout (7.1ms)


Started GET "/" for 127.0.0.1 at 2011-08-23 10:15:11 -0400
  Processing by PostsController#index as HTML
Rendered posts/index.html.haml within layouts/application (2.2ms)
Completed 500 Internal Server Error in 3ms

ActionView::Template::Error (wrong number of arguments (3 for 2)):
    6:       =post.created_at.strftime("%b %d, %Y")
    7:     %hr
    8:     #post_body
    9:       =truncate(RedCloth.new(post.body).to_html, 500, link_to("...(more)", post) )
  app/views/posts/index.html.haml:9:in `block in _app_views_posts_index_html_haml__18340791125868253_2178238620_1737542263889568722'
  app/views/posts/index.html.haml:2:in `each'
  app/views/posts/index.html.haml:2:in `_app_views_posts_index_html_haml__18340791125868253_2178238620_1737542263889568722'

Rendered /Users/lsaffie/.rvm/gems/ruby-1.9.2-p180/gems/actionpack-3.0.9/lib/action_dispatch/middleware/templates/rescues/_trace.erb (0.9ms)
Rendered /Users/lsaffie/.rvm/gems/ruby-1.9.2-p180/gems/actionpack-3.0.9/lib/action_dispatch/middleware/templates/rescues/_request_and_response.erb (3.4ms)
Rendered /Users/lsaffie/.rvm/gems/ruby-1.9.2-p180/gems/actionpack-3.0.9/lib/action_dispatch/middleware/templates/rescues/template_error.erb within rescues/layout (7.1ms)


Started GET "/" for 127.0.0.1 at 2011-08-23 10:15:18 -0400
  Processing by PostsController#index as HTML
Rendered posts/index.html.haml within layouts/application (2.1ms)
Completed 500 Internal Server Error in 3ms

ActionView::Template::Error (wrong number of arguments (3 for 2)):
    6:       =post.created_at.strftime("%b %d, %Y")
    7:     %hr
    8:     #post_body
    9:       =truncate(RedCloth.new(post.body).to_html, 500, link_to("...(more)", post) )
  app/views/posts/index.html.haml:9:in `block in _app_views_posts_index_html_haml__18340791125868253_2178238620_1737542263889568722'
  app/views/posts/index.html.haml:2:in `each'
  app/views/posts/index.html.haml:2:in `_app_views_posts_index_html_haml__18340791125868253_2178238620_1737542263889568722'

Rendered /Users/lsaffie/.rvm/gems/ruby-1.9.2-p180/gems/actionpack-3.0.9/lib/action_dispatch/middleware/templates/rescues/_trace.erb (0.9ms)
Rendered /Users/lsaffie/.rvm/gems/ruby-1.9.2-p180/gems/actionpack-3.0.9/lib/action_dispatch/middleware/templates/rescues/_request_and_response.erb (3.1ms)
Rendered /Users/lsaffie/.rvm/gems/ruby-1.9.2-p180/gems/actionpack-3.0.9/lib/action_dispatch/middleware/templates/rescues/template_error.erb within rescues/layout (6.7ms)


Started GET "/" for 127.0.0.1 at 2011-08-23 10:15:42 -0400
  Processing by PostsController#index as HTML
Rendered layouts/_header.html.haml (0.9ms)
Rendered layouts/_right_content.html.haml (1.2ms)
Rendered layouts/_footer.html.haml (0.6ms)
Rendered posts/index.html.haml within layouts/application (20.7ms)
Completed 200 OK in 25ms (Views: 23.4ms | ActiveRecord: 0.3ms)


Started GET "/javascripts/prototype.js?1314018396" for 127.0.0.1 at 2011-08-23 10:15:42 -0400

ActionController::RoutingError (No route matches "/javascripts/prototype.js"):
  

Rendered /Users/lsaffie/.rvm/gems/ruby-1.9.2-p180/gems/actionpack-3.0.9/lib/action_dispatch/middleware/templates/rescues/routing_error.erb within rescues/layout (0.8ms)


Started GET "/javascripts/dragdrop.js?1314018395" for 127.0.0.1 at 2011-08-23 10:15:42 -0400

ActionController::RoutingError (No route matches "/javascripts/dragdrop.js"):
  

Rendered /Users/lsaffie/.rvm/gems/ruby-1.9.2-p180/gems/actionpack-3.0.9/lib/action_dispatch/middleware/templates/rescues/routing_error.erb within rescues/layout (1.1ms)


Started GET "/javascripts/rails.js?1314018396" for 127.0.0.1 at 2011-08-23 10:15:42 -0400

ActionController::RoutingError (No route matches "/javascripts/rails.js"):
  

Rendered /Users/lsaffie/.rvm/gems/ruby-1.9.2-p180/gems/actionpack-3.0.9/lib/action_dispatch/middleware/templates/rescues/routing_error.erb within rescues/layout (0.8ms)


Started GET "/javascripts/application.js?1305895504" for 127.0.0.1 at 2011-08-23 10:15:42 -0400

ActionController::RoutingError (No route matches "/javascripts/application.js"):
  

Rendered /Users/lsaffie/.rvm/gems/ruby-1.9.2-p180/gems/actionpack-3.0.9/lib/action_dispatch/middleware/templates/rescues/routing_error.erb within rescues/layout (1.0ms)


Started GET "/javascripts/controls.js?1314018394" for 127.0.0.1 at 2011-08-23 10:15:42 -0400

ActionController::RoutingError (No route matches "/javascripts/controls.js"):
  

Rendered /Users/lsaffie/.rvm/gems/ruby-1.9.2-p180/gems/actionpack-3.0.9/lib/action_dispatch/middleware/templates/rescues/routing_error.erb within rescues/layout (0.8ms)


Started GET "/javascripts/effects.js?1314018395" for 127.0.0.1 at 2011-08-23 10:15:42 -0400

ActionController::RoutingError (No route matches "/javascripts/effects.js"):
  

Rendered /Users/lsaffie/.rvm/gems/ruby-1.9.2-p180/gems/actionpack-3.0.9/lib/action_dispatch/middleware/templates/rescues/routing_error.erb within rescues/layout (0.8ms)


Started GET "/stylesheets/style.css?1305897372" for 127.0.0.1 at 2011-08-23 10:15:42 -0400

ActionController::RoutingError (No route matches "/stylesheets/style.css"):
  

Rendered /Users/lsaffie/.rvm/gems/ruby-1.9.2-p180/gems/actionpack-3.0.9/lib/action_dispatch/middleware/templates/rescues/routing_error.erb within rescues/layout (1.0ms)


Started GET "/images/about.gif" for 127.0.0.1 at 2011-08-23 10:15:42 -0400

ActionController::RoutingError (No route matches "/images/about.gif"):
  

Rendered /Users/lsaffie/.rvm/gems/ruby-1.9.2-p180/gems/actionpack-3.0.9/lib/action_dispatch/middleware/templates/rescues/routing_error.erb within rescues/layout (0.7ms)


Started GET "/" for 127.0.0.1 at 2011-08-23 10:16:22 -0400
  Processing by PostsController#index as HTML
Rendered layouts/_header.html.haml (0.9ms)
Rendered layouts/_right_content.html.haml (1.7ms)
Rendered layouts/_footer.html.haml (0.7ms)
Rendered posts/index.html.haml within layouts/application (21.5ms)
Completed 200 OK in 26ms (Views: 24.6ms | ActiveRecord: 0.3ms)


Started GET "/" for 127.0.0.1 at 2011-08-23 10:16:40 -0400
  Processing by PostsController#index as HTML
Rendered layouts/_header.html.haml (0.1ms)
Rendered layouts/_right_content.html.haml (0.0ms)
Rendered layouts/_footer.html.haml (0.0ms)
Rendered posts/index.html.haml within layouts/application (2.9ms)
Completed 200 OK in 4ms (Views: 3.3ms | ActiveRecord: 0.3ms)


Started GET "/" for 127.0.0.1 at 2011-08-23 10:16:42 -0400
  Processing by PostsController#index as HTML
Rendered layouts/_header.html.haml (0.1ms)
Rendered layouts/_right_content.html.haml (0.0ms)
Rendered layouts/_footer.html.haml (0.0ms)
Rendered posts/index.html.haml within layouts/application (2.8ms)
Completed 200 OK in 4ms (Views: 3.3ms | ActiveRecord: 0.3ms)


Started GET "/" for 127.0.0.1 at 2011-08-23 10:16:50 -0400
  Processing by PostsController#index as HTML
Rendered posts/index.html.haml within layouts/application (11.4ms)
Completed 500 Internal Server Error in 16ms

ActionView::Template::Error (wrong number of arguments (3 for 2)):
    6:       =post.created_at.strftime("%b %d, %Y")
    7:     %hr
    8:     #post_body
    9:       =truncate(RedCloth.new(post.body).to_html, 500, link_to("...(more)", post) )
  app/views/posts/index.html.haml:9:in `block in _app_views_posts_index_html_haml__2438657369190523934_2169577560_1903320853684955276'
  app/views/posts/index.html.haml:2:in `each'
  app/views/posts/index.html.haml:2:in `_app_views_posts_index_html_haml__2438657369190523934_2169577560_1903320853684955276'

Rendered /Users/lsaffie/.rvm/gems/ruby-1.9.2-p180/gems/actionpack-3.0.9/lib/action_dispatch/middleware/templates/rescues/_trace.erb (1.5ms)
Rendered /Users/lsaffie/.rvm/gems/ruby-1.9.2-p180/gems/actionpack-3.0.9/lib/action_dispatch/middleware/templates/rescues/_request_and_response.erb (26.7ms)
Rendered /Users/lsaffie/.rvm/gems/ruby-1.9.2-p180/gems/actionpack-3.0.9/lib/action_dispatch/middleware/templates/rescues/template_error.erb within rescues/layout (33.2ms)


Started GET "/" for 127.0.0.1 at 2011-08-23 10:17:12 -0400
  Processing by PostsController#index as HTML
Rendered posts/index.html.haml within layouts/application (11.0ms)
Completed 500 Internal Server Error in 15ms

ActionView::Template::Error (undefined method `reverse_merge!' for "<a href=\"/posts/6\">...(more)</a>":ActiveSupport::SafeBuffer):
    7:     %hr
    8:     #post_body
    9:       =#truncate(RedCloth.new(post.body).to_html, 500, link_to("...(more)", post) )
    10:       =truncate(RedCloth.new(post.body).to_html, link_to("...(more)", post) )
  app/views/posts/index.html.haml:10:in `block in _app_views_posts_index_html_haml___2400801162442069243_2183977880__3943375324530261688'
  app/views/posts/index.html.haml:2:in `each'
  app/views/posts/index.html.haml:2:in `_app_views_posts_index_html_haml___2400801162442069243_2183977880__3943375324530261688'

Rendered /Users/lsaffie/.rvm/gems/ruby-1.9.2-p180/gems/actionpack-3.0.9/lib/action_dispatch/middleware/templates/rescues/_trace.erb (0.8ms)
Rendered /Users/lsaffie/.rvm/gems/ruby-1.9.2-p180/gems/actionpack-3.0.9/lib/action_dispatch/middleware/templates/rescues/_request_and_response.erb (3.2ms)
Rendered /Users/lsaffie/.rvm/gems/ruby-1.9.2-p180/gems/actionpack-3.0.9/lib/action_dispatch/middleware/templates/rescues/template_error.erb within rescues/layout (7.2ms)


Started GET "/" for 127.0.0.1 at 2011-08-23 10:17:15 -0400
  Processing by PostsController#index as HTML
Rendered posts/index.html.haml within layouts/application (2.3ms)
Completed 500 Internal Server Error in 4ms

ActionView::Template::Error (undefined method `reverse_merge!' for "<a href=\"/posts/6\">...(more)</a>":ActiveSupport::SafeBuffer):
    7:     %hr
    8:     #post_body
    9:       =#truncate(RedCloth.new(post.body).to_html, 500, link_to("...(more)", post) )
    10:       =truncate(RedCloth.new(post.body).to_html, link_to("...(more)", post) )
  app/views/posts/index.html.haml:10:in `block in _app_views_posts_index_html_haml___2400801162442069243_2183977880__3943375324530261688'
  app/views/posts/index.html.haml:2:in `each'
  app/views/posts/index.html.haml:2:in `_app_views_posts_index_html_haml___2400801162442069243_2183977880__3943375324530261688'

Rendered /Users/lsaffie/.rvm/gems/ruby-1.9.2-p180/gems/actionpack-3.0.9/lib/action_dispatch/middleware/templates/rescues/_trace.erb (1.0ms)
Rendered /Users/lsaffie/.rvm/gems/ruby-1.9.2-p180/gems/actionpack-3.0.9/lib/action_dispatch/middleware/templates/rescues/_request_and_response.erb (26.8ms)
Rendered /Users/lsaffie/.rvm/gems/ruby-1.9.2-p180/gems/actionpack-3.0.9/lib/action_dispatch/middleware/templates/rescues/template_error.erb within rescues/layout (31.0ms)


Started GET "/" for 127.0.0.1 at 2011-08-23 10:17:19 -0400
  Processing by PostsController#index as HTML
Rendered posts/index.html.haml within layouts/application (2.2ms)
Completed 500 Internal Server Error in 3ms

ActionView::Template::Error (undefined method `reverse_merge!' for "<a href=\"/posts/6\">...(more)</a>":ActiveSupport::SafeBuffer):
    7:     %hr
    8:     #post_body
    9:       =#truncate(RedCloth.new(post.body).to_html, 500, link_to("...(more)", post) )
    10:       =truncate(RedCloth.new(post.body).to_html, link_to("...(more)", post) )
  app/views/posts/index.html.haml:10:in `block in _app_views_posts_index_html_haml___2400801162442069243_2183977880__3943375324530261688'
  app/views/posts/index.html.haml:2:in `each'
  app/views/posts/index.html.haml:2:in `_app_views_posts_index_html_haml___2400801162442069243_2183977880__3943375324530261688'

Rendered /Users/lsaffie/.rvm/gems/ruby-1.9.2-p180/gems/actionpack-3.0.9/lib/action_dispatch/middleware/templates/rescues/_trace.erb (0.9ms)
Rendered /Users/lsaffie/.rvm/gems/ruby-1.9.2-p180/gems/actionpack-3.0.9/lib/action_dispatch/middleware/templates/rescues/_request_and_response.erb (3.2ms)
Rendered /Users/lsaffie/.rvm/gems/ruby-1.9.2-p180/gems/actionpack-3.0.9/lib/action_dispatch/middleware/templates/rescues/template_error.erb within rescues/layout (7.1ms)


Started GET "/" for 127.0.0.1 at 2011-08-23 10:17:53 -0400
  Processing by PostsController#index as HTML
Rendered posts/index.html.haml within layouts/application (11.6ms)
Completed 500 Internal Server Error in 16ms

ActionView::Template::Error (wrong number of arguments (3 for 2)):
    6:       =post.created_at.strftime("%b %d, %Y")
    7:     %hr
    8:     #post_body
    9:       =truncate((raw RedCloth.new(post.body).to_html), 500, link_to("...(more)", post) )
  app/views/posts/index.html.haml:9:in `block in _app_views_posts_index_html_haml__1929530735226469313_2186033920_5897465440162162'
  app/views/posts/index.html.haml:2:in `each'
  app/views/posts/index.html.haml:2:in `_app_views_posts_index_html_haml__1929530735226469313_2186033920_5897465440162162'

Rendered /Users/lsaffie/.rvm/gems/ruby-1.9.2-p180/gems/actionpack-3.0.9/lib/action_dispatch/middleware/templates/rescues/_trace.erb (0.9ms)
Rendered /Users/lsaffie/.rvm/gems/ruby-1.9.2-p180/gems/actionpack-3.0.9/lib/action_dispatch/middleware/templates/rescues/_request_and_response.erb (3.2ms)
Rendered /Users/lsaffie/.rvm/gems/ruby-1.9.2-p180/gems/actionpack-3.0.9/lib/action_dispatch/middleware/templates/rescues/template_error.erb within rescues/layout (7.2ms)


Started GET "/" for 127.0.0.1 at 2011-08-23 10:19:53 -0400
  Processing by PostsController#index as HTML
Rendered posts/index.html.haml within layouts/application (2.2ms)
Completed 500 Internal Server Error in 7ms

ActionView::Template::Error (/Users/lsaffie/Web/saffie.ca/app/views/posts/index.html.haml:9: syntax error, unexpected ')', expecting tASSOC
/Users/lsaffie/Web/saffie.ca/app/views/posts/index.html.haml:11: unknown regexp options - dv
/Users/lsaffie/Web/saffie.ca/app/views/posts/index.html.haml:11: syntax error, unexpected $undefined
_hamlout.buffer << "</div>\n";::Haml::Util.html_safe(_er...
                           ^
/Users/lsaffie/Web/saffie.ca/app/views/posts/index.html.haml:11: unterminated string meets end of file
/Users/lsaffie/Web/saffie.ca/app/views/posts/index.html.haml:11: syntax error, unexpected $end, expecting ')'):
    6:       =post.created_at.strftime("%b %d, %Y")
    7:     %hr
    8:     #post_body
    9:       =truncate(RedCloth.new(post.body).to_html, :length => 500, link_to("...(more)", post) )
  

Rendered /Users/lsaffie/.rvm/gems/ruby-1.9.2-p180/gems/actionpack-3.0.9/lib/action_dispatch/middleware/templates/rescues/_trace.erb (0.8ms)
Rendered /Users/lsaffie/.rvm/gems/ruby-1.9.2-p180/gems/actionpack-3.0.9/lib/action_dispatch/middleware/templates/rescues/_request_and_response.erb (9.2ms)
Rendered /Users/lsaffie/.rvm/gems/ruby-1.9.2-p180/gems/actionpack-3.0.9/lib/action_dispatch/middleware/templates/rescues/template_error.erb within rescues/layout (13.2ms)


Started GET "/" for 127.0.0.1 at 2011-08-23 10:20:19 -0400
  Processing by PostsController#index as HTML
Rendered layouts/_header.html.haml (1.1ms)
Rendered layouts/_right_content.html.haml (1.4ms)
Rendered layouts/_footer.html.haml (0.6ms)
Rendered posts/index.html.haml within layouts/application (93.9ms)
Completed 200 OK in 98ms (Views: 96.7ms | ActiveRecord: 0.3ms)


Started GET "/" for 127.0.0.1 at 2011-08-23 10:20:41 -0400
  Processing by PostsController#index as HTML
Rendered posts/index.html.haml within layouts/application (11.2ms)
Completed 500 Internal Server Error in 16ms

ActionView::Template::Error (wrong number of arguments (2 for 1)):
    7:     %hr
    8:     #post_body
    9:       =#truncate(RedCloth.new(post.body).to_html, :length => 500, link_to("...(more)", post) )
    10:       =truncate(raw RedCloth.new(post.body).to_html, :length => 500)
  app/views/posts/index.html.haml:10:in `block in _app_views_posts_index_html_haml___3034913580314629328_2186182020_3324715410844116738'
  app/views/posts/index.html.haml:2:in `each'
  app/views/posts/index.html.haml:2:in `_app_views_posts_index_html_haml___3034913580314629328_2186182020_3324715410844116738'

Rendered /Users/lsaffie/.rvm/gems/ruby-1.9.2-p180/gems/actionpack-3.0.9/lib/action_dispatch/middleware/templates/rescues/_trace.erb (0.9ms)
Rendered /Users/lsaffie/.rvm/gems/ruby-1.9.2-p180/gems/actionpack-3.0.9/lib/action_dispatch/middleware/templates/rescues/_request_and_response.erb (3.2ms)
Rendered /Users/lsaffie/.rvm/gems/ruby-1.9.2-p180/gems/actionpack-3.0.9/lib/action_dispatch/middleware/templates/rescues/template_error.erb within rescues/layout (7.1ms)


Started GET "/" for 127.0.0.1 at 2011-08-23 10:20:42 -0400
  Processing by PostsController#index as HTML
Rendered posts/index.html.haml within layouts/application (1.7ms)
Completed 500 Internal Server Error in 3ms

ActionView::Template::Error (wrong number of arguments (2 for 1)):
    7:     %hr
    8:     #post_body
    9:       =#truncate(RedCloth.new(post.body).to_html, :length => 500, link_to("...(more)", post) )
    10:       =truncate(raw RedCloth.new(post.body).to_html, :length => 500)
  app/views/posts/index.html.haml:10:in `block in _app_views_posts_index_html_haml___3034913580314629328_2186182020_3324715410844116738'
  app/views/posts/index.html.haml:2:in `each'
  app/views/posts/index.html.haml:2:in `_app_views_posts_index_html_haml___3034913580314629328_2186182020_3324715410844116738'

Rendered /Users/lsaffie/.rvm/gems/ruby-1.9.2-p180/gems/actionpack-3.0.9/lib/action_dispatch/middleware/templates/rescues/_trace.erb (0.8ms)
Rendered /Users/lsaffie/.rvm/gems/ruby-1.9.2-p180/gems/actionpack-3.0.9/lib/action_dispatch/middleware/templates/rescues/_request_and_response.erb (3.3ms)
Rendered /Users/lsaffie/.rvm/gems/ruby-1.9.2-p180/gems/actionpack-3.0.9/lib/action_dispatch/middleware/templates/rescues/template_error.erb within rescues/layout (7.0ms)


Started GET "/" for 127.0.0.1 at 2011-08-23 10:20:43 -0400
  Processing by PostsController#index as HTML
Rendered posts/index.html.haml within layouts/application (1.7ms)
Completed 500 Internal Server Error in 3ms

ActionView::Template::Error (wrong number of arguments (2 for 1)):
    7:     %hr
    8:     #post_body
    9:       =#truncate(RedCloth.new(post.body).to_html, :length => 500, link_to("...(more)", post) )
    10:       =truncate(raw RedCloth.new(post.body).to_html, :length => 500)
  app/views/posts/index.html.haml:10:in `block in _app_views_posts_index_html_haml___3034913580314629328_2186182020_3324715410844116738'
  app/views/posts/index.html.haml:2:in `each'
  app/views/posts/index.html.haml:2:in `_app_views_posts_index_html_haml___3034913580314629328_2186182020_3324715410844116738'

Rendered /Users/lsaffie/.rvm/gems/ruby-1.9.2-p180/gems/actionpack-3.0.9/lib/action_dispatch/middleware/templates/rescues/_trace.erb (0.9ms)
Rendered /Users/lsaffie/.rvm/gems/ruby-1.9.2-p180/gems/actionpack-3.0.9/lib/action_dispatch/middleware/templates/rescues/_request_and_response.erb (3.4ms)
Rendered /Users/lsaffie/.rvm/gems/ruby-1.9.2-p180/gems/actionpack-3.0.9/lib/action_dispatch/middleware/templates/rescues/template_error.erb within rescues/layout (7.2ms)


Started GET "/" for 127.0.0.1 at 2011-08-23 10:21:20 -0400
  Processing by PostsController#index as HTML
Rendered layouts/_header.html.haml (1.1ms)
Rendered layouts/_right_content.html.haml (1.3ms)
Rendered layouts/_footer.html.haml (0.6ms)
Rendered posts/index.html.haml within layouts/application (49.9ms)
Completed 200 OK in 54ms (Views: 52.9ms | ActiveRecord: 0.4ms)


Started GET "/" for 127.0.0.1 at 2011-08-23 10:22:24 -0400
  Processing by PostsController#index as HTML
Rendered layouts/_header.html.haml (1.0ms)
Rendered layouts/_right_content.html.haml (1.3ms)
Rendered layouts/_footer.html.haml (0.6ms)
Rendered posts/index.html.haml within layouts/application (72.6ms)
Completed 200 OK in 77ms (Views: 75.4ms | ActiveRecord: 0.3ms)


Started GET "/" for 127.0.0.1 at 2011-08-23 10:23:26 -0400
  Processing by PostsController#index as HTML
Rendered layouts/_header.html.haml (1.1ms)
Rendered layouts/_right_content.html.haml (1.4ms)
Rendered layouts/_footer.html.haml (0.8ms)
Rendered posts/index.html.haml within layouts/application (74.4ms)
Completed 200 OK in 78ms (Views: 77.1ms | ActiveRecord: 0.3ms)


Started GET "/" for 127.0.0.1 at 2011-08-23 10:24:00 -0400
  Processing by PostsController#index as HTML
Rendered posts/index.html.haml within layouts/application (10.9ms)
Completed 500 Internal Server Error in 17ms

ActionView::Template::Error (wrong number of arguments (2 for 1)):
    7:     %hr
    8:     #post_body
    9:       =#truncate(RedCloth.new(post.body).to_html, :length => 500, link_to("...(more)", post) )
    10:       =truncate(raw RedCloth.new(post.body).to_html, :length => 500, :omission => '... (more)')
  app/views/posts/index.html.haml:10:in `block in _app_views_posts_index_html_haml__2206375688404194312_2178476100_1376232646199090289'
  app/views/posts/index.html.haml:2:in `each'
  app/views/posts/index.html.haml:2:in `_app_views_posts_index_html_haml__2206375688404194312_2178476100_1376232646199090289'

Rendered /Users/lsaffie/.rvm/gems/ruby-1.9.2-p180/gems/actionpack-3.0.9/lib/action_dispatch/middleware/templates/rescues/_trace.erb (0.9ms)
Rendered /Users/lsaffie/.rvm/gems/ruby-1.9.2-p180/gems/actionpack-3.0.9/lib/action_dispatch/middleware/templates/rescues/_request_and_response.erb (3.5ms)
Rendered /Users/lsaffie/.rvm/gems/ruby-1.9.2-p180/gems/actionpack-3.0.9/lib/action_dispatch/middleware/templates/rescues/template_error.erb within rescues/layout (7.7ms)


Started GET "/" for 127.0.0.1 at 2011-08-23 10:24:13 -0400
  Processing by PostsController#index as HTML
Rendered posts/index.html.haml within layouts/application (1.8ms)
Completed 500 Internal Server Error in 3ms

ActionView::Template::Error (wrong number of arguments (2 for 1)):
    7:     %hr
    8:     #post_body
    9:       =#truncate(RedCloth.new(post.body).to_html, :length => 500, link_to("...(more)", post) )
    10:       =truncate(raw RedCloth.new(post.body).to_html, :length => 500, :omission => '... (more)')
  app/views/posts/index.html.haml:10:in `block in _app_views_posts_index_html_haml__2206375688404194312_2178476100_1376232646199090289'
  app/views/posts/index.html.haml:2:in `each'
  app/views/posts/index.html.haml:2:in `_app_views_posts_index_html_haml__2206375688404194312_2178476100_1376232646199090289'

Rendered /Users/lsaffie/.rvm/gems/ruby-1.9.2-p180/gems/actionpack-3.0.9/lib/action_dispatch/middleware/templates/rescues/_trace.erb (0.9ms)
Rendered /Users/lsaffie/.rvm/gems/ruby-1.9.2-p180/gems/actionpack-3.0.9/lib/action_dispatch/middleware/templates/rescues/_request_and_response.erb (3.1ms)
Rendered /Users/lsaffie/.rvm/gems/ruby-1.9.2-p180/gems/actionpack-3.0.9/lib/action_dispatch/middleware/templates/rescues/template_error.erb within rescues/layout (6.9ms)


Started GET "/" for 127.0.0.1 at 2011-08-23 10:24:20 -0400
  Processing by PostsController#index as HTML
Rendered layouts/_header.html.haml (1.5ms)
Rendered layouts/_right_content.html.haml (1.5ms)
Rendered layouts/_footer.html.haml (0.7ms)
Rendered posts/index.html.haml within layouts/application (50.7ms)
Completed 200 OK in 55ms (Views: 53.4ms | ActiveRecord: 0.3ms)


Started GET "/" for 127.0.0.1 at 2011-08-23 10:24:21 -0400
  Processing by PostsController#index as HTML
Rendered layouts/_header.html.haml (0.2ms)
Rendered layouts/_right_content.html.haml (0.0ms)
Rendered layouts/_footer.html.haml (0.0ms)
Rendered posts/index.html.haml within layouts/application (18.0ms)
Completed 200 OK in 19ms (Views: 18.4ms | ActiveRecord: 0.3ms)


Started GET "/" for 127.0.0.1 at 2011-08-23 10:24:41 -0400
  Processing by PostsController#index as HTML
Rendered layouts/_header.html.haml (0.9ms)
Rendered layouts/_right_content.html.haml (1.4ms)
Rendered layouts/_footer.html.haml (0.7ms)
Rendered posts/index.html.haml within layouts/application (56.0ms)
Completed 200 OK in 60ms (Views: 59.1ms | ActiveRecord: 0.3ms)


Started GET "/" for 127.0.0.1 at 2011-08-23 10:25:08 -0400
  Processing by PostsController#index as HTML
Rendered layouts/_header.html.haml (1.0ms)
Rendered layouts/_right_content.html.haml (1.3ms)
Rendered layouts/_footer.html.haml (0.7ms)
Rendered posts/index.html.haml within layouts/application (34.3ms)
Completed 200 OK in 38ms (Views: 37.1ms | ActiveRecord: 0.3ms)


Started GET "/posts/6" for 127.0.0.1 at 2011-08-23 10:25:46 -0400
  Processing by PostsController#show as HTML
  Parameters: {"id"=>"6"}
Rendered comments/_index.html.haml (3.7ms)
Rendered comments/_comment.html.haml (90.9ms)
Rendered layouts/_header.html.haml (0.2ms)
Rendered layouts/_right_content.html.haml (0.0ms)
Rendered layouts/_footer.html.haml (0.0ms)
Rendered posts/show.html.haml within layouts/application (102.5ms)
Completed 200 OK in 133ms (Views: 125.4ms | ActiveRecord: 0.8ms)


Started GET "/posts/6/edit" for 127.0.0.1 at 2011-08-23 10:25:55 -0400
  Processing by PostsController#edit as HTML
  Parameters: {"id"=>"6"}
Completed 500 Internal Server Error in 2ms

NameError (undefined local variable or method `login_required' for #<PostsController:0x00000100d4f048>):
  

Rendered /Users/lsaffie/.rvm/gems/ruby-1.9.2-p180/gems/actionpack-3.0.9/lib/action_dispatch/middleware/templates/rescues/_trace.erb (1.6ms)
Rendered /Users/lsaffie/.rvm/gems/ruby-1.9.2-p180/gems/actionpack-3.0.9/lib/action_dispatch/middleware/templates/rescues/_request_and_response.erb (32.8ms)
Rendered /Users/lsaffie/.rvm/gems/ruby-1.9.2-p180/gems/actionpack-3.0.9/lib/action_dispatch/middleware/templates/rescues/diagnostics.erb within rescues/layout (43.3ms)


Started GET "/posts/6/edit" for 127.0.0.1 at 2011-08-23 10:26:12 -0400
  Processing by PostsController#edit as HTML
  Parameters: {"id"=>"6"}
Completed 500 Internal Server Error in 1ms

NameError (undefined local variable or method `login_required' for #<PostsController:0x000001048764f0>):
  

Rendered /Users/lsaffie/.rvm/gems/ruby-1.9.2-p180/gems/actionpack-3.0.9/lib/action_dispatch/middleware/templates/rescues/_trace.erb (0.8ms)
Rendered /Users/lsaffie/.rvm/gems/ruby-1.9.2-p180/gems/actionpack-3.0.9/lib/action_dispatch/middleware/templates/rescues/_request_and_response.erb (2.6ms)
Rendered /Users/lsaffie/.rvm/gems/ruby-1.9.2-p180/gems/actionpack-3.0.9/lib/action_dispatch/middleware/templates/rescues/diagnostics.erb within rescues/layout (6.0ms)


Started GET "/posts/6/edit" for 127.0.0.1 at 2011-08-23 10:26:19 -0400
  Processing by PostsController#edit as HTML
  Parameters: {"id"=>"6"}
Rendered posts/_post.html.haml (5.7ms)
Rendered layouts/_header.html.haml (1.0ms)
Rendered layouts/_right_content.html.haml (1.3ms)
Rendered layouts/_footer.html.haml (0.6ms)
Rendered posts/edit.html.haml within layouts/application (23.9ms)
Completed 200 OK in 106ms (Views: 102.9ms | ActiveRecord: 0.7ms)


Started GET "/posts/6/edit" for 127.0.0.1 at 2011-08-23 10:27:10 -0400
  Processing by PostsController#edit as HTML
  Parameters: {"id"=>"6"}
Completed   in 0ms


Started GET "/users/sign_in" for 127.0.0.1 at 2011-08-23 10:27:10 -0400
  Processing by Devise::SessionsController#new as HTML
Rendered /Users/lsaffie/.rvm/gems/ruby-1.9.2-p180/gems/devise-1.4.2/app/views/devise/shared/_links.erb (1.3ms)
Rendered layouts/_header.html.haml (1.1ms)
Rendered layouts/_right_content.html.haml (1.2ms)
Rendered layouts/_footer.html.haml (0.6ms)
Rendered /Users/lsaffie/.rvm/gems/ruby-1.9.2-p180/gems/devise-1.4.2/app/views/devise/sessions/new.html.erb within layouts/application (17.8ms)
Completed 200 OK in 75ms (Views: 40.5ms | ActiveRecord: 0.0ms)


Started GET "/users/" for 127.0.0.1 at 2011-08-23 10:27:14 -0400

AbstractController::ActionNotFound (The action 'index' could not be found for UsersController):
  

Rendered /Users/lsaffie/.rvm/gems/ruby-1.9.2-p180/gems/actionpack-3.0.9/lib/action_dispatch/middleware/templates/rescues/unknown_action.erb within rescues/layout (0.6ms)


Started GET "/" for 127.0.0.1 at 2011-08-23 10:27:16 -0400
  Processing by PostsController#index as HTML
Rendered layouts/_header.html.haml (0.2ms)
Rendered layouts/_right_content.html.haml (0.0ms)
Rendered layouts/_footer.html.haml (0.0ms)
Rendered posts/index.html.haml within layouts/application (25.9ms)
Completed 200 OK in 30ms (Views: 28.3ms | ActiveRecord: 0.3ms)


Started GET "/posts/6" for 127.0.0.1 at 2011-08-23 10:27:18 -0400
  Processing by PostsController#show as HTML
  Parameters: {"id"=>"6"}
Rendered comments/_index.html.haml (3.7ms)
Rendered comments/_comment.html.haml (8.2ms)
Rendered layouts/_header.html.haml (0.2ms)
Rendered layouts/_right_content.html.haml (0.0ms)
Rendered layouts/_footer.html.haml (0.0ms)
Rendered posts/show.html.haml within layouts/application (19.9ms)
Completed 200 OK in 29ms (Views: 20.9ms | ActiveRecord: 0.8ms)


Started GET "/posts/6/edit" for 127.0.0.1 at 2011-08-23 10:27:26 -0400
  Processing by PostsController#edit as HTML
  Parameters: {"id"=>"6"}
Completed   in 0ms


Started GET "/users/sign_in" for 127.0.0.1 at 2011-08-23 10:27:26 -0400
  Processing by Devise::SessionsController#new as HTML
Rendered /Users/lsaffie/.rvm/gems/ruby-1.9.2-p180/gems/devise-1.4.2/app/views/devise/shared/_links.erb (0.7ms)
Rendered layouts/_header.html.haml (0.3ms)
Rendered layouts/_right_content.html.haml (0.0ms)
Rendered layouts/_footer.html.haml (0.0ms)
Rendered /Users/lsaffie/.rvm/gems/ruby-1.9.2-p180/gems/devise-1.4.2/app/views/devise/sessions/new.html.erb within layouts/application (37.9ms)
Completed 200 OK in 39ms (Views: 38.3ms | ActiveRecord: 0.0ms)


Started GET "/posts/6/destroy" for 127.0.0.1 at 2011-08-23 10:27:40 -0400

ActionController::RoutingError (No route matches "/posts/6/destroy"):
  

Rendered /Users/lsaffie/.rvm/gems/ruby-1.9.2-p180/gems/actionpack-3.0.9/lib/action_dispatch/middleware/templates/rescues/routing_error.erb within rescues/layout (0.7ms)


Started GET "/posts/6/delete" for 127.0.0.1 at 2011-08-23 10:27:46 -0400

ActionController::RoutingError (No route matches "/posts/6/delete"):
  

Rendered /Users/lsaffie/.rvm/gems/ruby-1.9.2-p180/gems/actionpack-3.0.9/lib/action_dispatch/middleware/templates/rescues/routing_error.erb within rescues/layout (0.7ms)


Started GET "/posts" for 127.0.0.1 at 2011-08-23 10:29:05 -0400
  Processing by PostsController#index as HTML
Rendered layouts/_header.html.haml (0.9ms)
Rendered layouts/_right_content.html.haml (1.3ms)
Rendered layouts/_footer.html.haml (0.7ms)
Rendered posts/index.html.haml within layouts/application (34.3ms)
Completed 200 OK in 39ms (Views: 37.1ms | ActiveRecord: 0.5ms)


Started GET "/posts/new" for 127.0.0.1 at 2011-08-23 10:29:19 -0400
  Processing by PostsController#new as HTML
Completed   in 0ms


Started GET "/users/sign_in" for 127.0.0.1 at 2011-08-23 10:29:19 -0400
  Processing by Devise::SessionsController#new as HTML
Rendered /Users/lsaffie/.rvm/gems/ruby-1.9.2-p180/gems/devise-1.4.2/app/views/devise/shared/_links.erb (1.3ms)
Rendered layouts/_header.html.haml (0.2ms)
Rendered layouts/_right_content.html.haml (0.0ms)
Rendered layouts/_footer.html.haml (0.0ms)
Rendered /Users/lsaffie/.rvm/gems/ruby-1.9.2-p180/gems/devise-1.4.2/app/views/devise/sessions/new.html.erb within layouts/application (34.5ms)
Completed 200 OK in 51ms (Views: 37.4ms | ActiveRecord: 0.0ms)


Started POST "/users/sign_in" for 127.0.0.1 at 2011-08-23 10:31:48 -0400
  Processing by Devise::SessionsController#create as HTML
  Parameters: {"utf8"=>"✓", "authenticity_token"=>"MGFQYcm54btZuMI6H7N/G1dUkxe+SJf8kWWFiceVnLk=", "user"=>{"email"=>"luis@saffie.ca", "password"=>"[FILTERED]", "remember_me"=>"0"}, "commit"=>"Sign in"}
Completed   in 31ms
  Processing by Devise::SessionsController#new as HTML
  Parameters: {"utf8"=>"✓", "authenticity_token"=>"MGFQYcm54btZuMI6H7N/G1dUkxe+SJf8kWWFiceVnLk=", "user"=>{"email"=>"luis@saffie.ca", "password"=>"[FILTERED]", "remember_me"=>"0"}, "commit"=>"Sign in"}
Rendered /Users/lsaffie/.rvm/gems/ruby-1.9.2-p180/gems/devise-1.4.2/app/views/devise/shared/_links.erb (0.3ms)
Rendered layouts/_header.html.haml (0.4ms)
Rendered layouts/_right_content.html.haml (0.0ms)
Rendered layouts/_footer.html.haml (0.0ms)
Rendered /Users/lsaffie/.rvm/gems/ruby-1.9.2-p180/gems/devise-1.4.2/app/views/devise/sessions/new.html.erb within layouts/application (5.7ms)
Completed 200 OK in 82ms (Views: 6.1ms | ActiveRecord: 0.5ms)


Started POST "/users/sign_in" for 127.0.0.1 at 2011-08-23 10:35:31 -0400
  Processing by Devise::SessionsController#create as HTML
  Parameters: {"utf8"=>"✓", "authenticity_token"=>"MGFQYcm54btZuMI6H7N/G1dUkxe+SJf8kWWFiceVnLk=", "user"=>{"email"=>"luis@saffie.ca", "password"=>"[FILTERED]", "remember_me"=>"0"}, "commit"=>"Sign in"}
Redirected to http://127.0.0.1:3000/posts/new
Completed 302 Found in 116ms


Started GET "/posts/new" for 127.0.0.1 at 2011-08-23 10:35:32 -0400
  Processing by PostsController#new as HTML
Rendered posts/_post.html.haml (6.1ms)
Rendered layouts/_header.html.haml (1.0ms)
Rendered layouts/_right_content.html.haml (1.3ms)
Rendered layouts/_footer.html.haml (0.6ms)
Rendered posts/new.html.haml within layouts/application (21.2ms)
Completed 200 OK in 38ms (Views: 35.0ms | ActiveRecord: 0.5ms)


Started GET "/users/sign_up" for 127.0.0.1 at 2011-08-23 10:36:14 -0400

ActionController::RoutingError (uninitialized constant UsersController):
  

Rendered /Users/lsaffie/.rvm/gems/ruby-1.9.2-p180/gems/actionpack-3.0.9/lib/action_dispatch/middleware/templates/rescues/routing_error.erb within rescues/layout (0.7ms)


Started GET "/users/sign_in" for 127.0.0.1 at 2011-08-23 10:36:17 -0400
  Processing by Devise::SessionsController#new as HTML
Redirected to http://127.0.0.1:3000/
Completed 302 Found in 21ms


Started GET "/" for 127.0.0.1 at 2011-08-23 10:36:17 -0400
  Processing by PostsController#index as HTML
Rendered layouts/_header.html.haml (1.1ms)
Rendered layouts/_right_content.html.haml (1.3ms)
Rendered layouts/_footer.html.haml (0.7ms)
Rendered posts/index.html.haml within layouts/application (57.9ms)
Completed 200 OK in 62ms (Views: 61.1ms | ActiveRecord: 0.8ms)


Started GET "/" for 127.0.0.1 at 2011-08-23 10:36:55 -0400
  Processing by PostsController#index as HTML
Rendered layouts/_header.html.haml (0.2ms)
Rendered layouts/_right_content.html.haml (0.0ms)
Rendered layouts/_footer.html.haml (0.0ms)
Rendered posts/index.html.haml within layouts/application (4.4ms)
Completed 200 OK in 6ms (Views: 4.8ms | ActiveRecord: 0.3ms)
